Quin es el valor maxim de la cel.la?
Que vols fer?
1: Introduir un nou valor
2: Veure el valor actual
3: Introduir una possibilitat
4: Obtenir una possibilitat
5: Introduir una anotacio
6: Obtenir una anotacio
Quin es el valor?

Que vols fer?
1: Introduir un nou valor
2: Veure el valor actual
3: Introduir una possibilitat
4: Obtenir una possibilitat
5: Introduir una anotacio
6: Obtenir una anotacio
El valor es 9

Que vols fer?
1: Introduir un nou valor
2: Veure el valor actual
3: Introduir una possibilitat
4: Obtenir una possibilitat
5: Introduir una anotacio
6: Obtenir una anotacio
De quin valor vols canviar la possibilitat?
Es possible que hi hagi un 1? (y/n)
Que vols fer?
1: Introduir un nou valor
2: Veure el valor actual
3: Introduir una possibilitat
4: Obtenir una possibilitat
5: Introduir una anotacio
6: Obtenir una anotacio
De quin valor vols obtenir la possibilitat?
Es impossible que hi hagi un 1 en la cel.la

Que vols fer?
1: Introduir un nou valor
2: Veure el valor actual
3: Introduir una possibilitat
4: Obtenir una possibilitat
5: Introduir una anotacio
6: Obtenir una anotacio
De quin valor vols obtenir la possibilitat?
Es possible que hi hagi un 2 en la cel.la

Que vols fer?
1: Introduir un nou valor
2: Veure el valor actual
3: Introduir una possibilitat
4: Obtenir una possibilitat
5: Introduir una anotacio
6: Obtenir una anotacio
De quin valor vols canviar l'annotacio: Vols alternar el valor o introduir-ne un de nou?: (alt/intr)
Que vols fer?
1: Introduir un nou valor
2: Veure el valor actual
3: Introduir una possibilitat
4: Obtenir una possibilitat
5: Introduir una anotacio
6: Obtenir una anotacio
De quin valor vols canviar l'annotacio: Vols alternar el valor o introduir-ne un de nou?: (alt/intr)Quin valor li vols donar a l'annotacio?: (cert/fals)
Que vols fer?
1: Introduir un nou valor
2: Veure el valor actual
3: Introduir una possibilitat
4: Obtenir una possibilitat
5: Introduir una anotacio
6: Obtenir una anotacio
De quin valor vols consultar l'annotacio?
L'annotacio de la cel.la 1 es true

Que vols fer?
1: Introduir un nou valor
2: Veure el valor actual
3: Introduir una possibilitat
4: Obtenir una possibilitat
5: Introduir una anotacio
6: Obtenir una anotacio
De quin valor vols consultar l'annotacio?
L'annotacio de la cel.la 2 es true

Que vols fer?
1: Introduir un nou valor
2: Veure el valor actual
3: Introduir una possibilitat
4: Obtenir una possibilitat
5: Introduir una anotacio
6: Obtenir una anotacio
De quin valor vols consultar l'annotacio?
L'annotacio de la cel.la 3 es false

Que vols fer?
1: Introduir un nou valor
2: Veure el valor actual
3: Introduir una possibilitat
4: Obtenir una possibilitat
5: Introduir una anotacio
6: Obtenir una anotacio
