Benvingut al creador de taulells de Kenken!
Seleciona una opció:
1) Crear un taulell manualment.
2) Que la CPU em generi un taulell aleatòriament a partir de certs paràmetres.
3) Sortir
Introdueix la mida del taulell:
Selecciona una opció:
1) Canviar la mida màxima de les regions
2) Canviar pesos
3) Generar un taulell
4) Veure el taulell
5) Guardar el taulell
6) Sortir
Pesos de les mides de regions: (mida)-->(pes)
1-->1
2-->9
3-->5
4-->2
5-->3
Total:20
Pesos de les operacions en les regions:
Divisió (d): 10
Resta (r): 10
Producte (p): 10
Suma (s): 10
Total: 40

Vols modificar els pesos de les mides (m) o de les operacions (o), o bé tornar al menú anterior (t)?
Nota: els pesos de les operacions estan condicionats als de les mides.

Escriu la mida i després el pes:
Pesos de les mides de regions: (mida)-->(pes)
1-->1
2-->100
3-->5
4-->2
5-->3
Total:111
Pesos de les operacions en les regions:
Divisió (d): 10
Resta (r): 10
Producte (p): 10
Suma (s): 10
Total: 40

Vols modificar els pesos de les mides (m) o de les operacions (o), o bé tornar al menú anterior (t)?
Nota: els pesos de les operacions estan condicionats als de les mides.

Escriu la lletra que identifica l'operació (d,r,p,s) i després el seu pes:
Pesos de les mides de regions: (mida)-->(pes)
1-->1
2-->100
3-->5
4-->2
5-->3
Total:111
Pesos de les operacions en les regions:
Divisió (d): 10
Resta (r): 0
Producte (p): 10
Suma (s): 10
Total: 30

Vols modificar els pesos de les mides (m) o de les operacions (o), o bé tornar al menú anterior (t)?
Nota: els pesos de les operacions estan condicionats als de les mides.

Selecciona una opció:
1) Canviar la mida màxima de les regions
2) Canviar pesos
3) Generar un taulell
4) Veure el taulell
5) Guardar el taulell
6) Sortir
Introdueix la mida màxima de les regions: Mida màxima canviada a 3.
Selecciona una opció:
1) Canviar la mida màxima de les regions
2) Canviar pesos
3) Generar un taulell
4) Veure el taulell
5) Guardar el taulell
6) Sortir
Pesos de les mides de regions: (mida)-->(pes)
1-->1
2-->100
3-->5
Total:106
Pesos de les operacions en les regions:
Divisió (d): 10
Resta (r): 0
Producte (p): 10
Suma (s): 10
Total: 30

Vols modificar els pesos de les mides (m) o de les operacions (o), o bé tornar al menú anterior (t)?
Nota: els pesos de les operacions estan condicionats als de les mides.

Selecciona una opció:
1) Canviar la mida màxima de les regions
2) Canviar pesos
3) Generar un taulell
4) Veure el taulell
5) Guardar el taulell
6) Sortir
Tauler de tamany 3x3
+--------+  +--------+
|        |  | 0  0  0|
|        |  |        |
|        |  | 0  0  0|
|        |  |        |
|        |  | 0  0  0|
+--------+  +--------+

Valors de les regions
 0: * => 0
Selecciona una opció:
1) Canviar la mida màxima de les regions
2) Canviar pesos
3) Generar un taulell
4) Veure el taulell
5) Guardar el taulell
6) Sortir
Quin nom vols posar al taulell? Ja existeix un taulell amb aquest nom
Selecciona una opció:
1) Canviar la mida màxima de les regions
2) Canviar pesos
3) Generar un taulell
4) Veure el taulell
5) Guardar el taulell
6) Sortir
Benvingut al creador de taulells de Kenken!
Seleciona una opció:
1) Crear un taulell manualment.
2) Que la CPU em generi un taulell aleatòriament a partir de certs paràmetres.
3) Sortir
