Selecciona una opció:
1) Afegir jugador
2) Eliminar jugador
3) Canviar contrasenya
4) Comprovar si existeix un jugador
5) Iniciar sessió
6) Tancar sessió
7) Veure tots els usuaris
8) Sortir
Entra el nom d'usuari: 
La contrasenya ha de ser com a mínim de 8 caràcters
Entra la contrasenya: 
La contrasenya ha de ser com a mínim de 8 caràcters
Entra la contrasenya: 
Nom: Marcel contrasenya: 
És correcte (S/N)? 
Selecciona una opció:
1) Afegir jugador
2) Eliminar jugador
3) Canviar contrasenya
4) Comprovar si existeix un jugador
5) Iniciar sessió
6) Tancar sessió
7) Veure tots els usuaris
8) Sortir
Nom d'usuari: 
Contrasenya: 
Nova contrasenya: 
Repeteix la nova contrasenya: 
No s'ha pogut canviar la contrasenya comprova que el nom d'usuari i la
contrasenya són correctes
Selecciona una opció:
1) Afegir jugador
2) Eliminar jugador
3) Canviar contrasenya
4) Comprovar si existeix un jugador
5) Iniciar sessió
6) Tancar sessió
7) Veure tots els usuaris
8) Sortir
Nom d'usuari: 
Contrasenya: 
Nova contrasenya: 
Repeteix la nova contrasenya: 
Selecciona una opció:
1) Afegir jugador
2) Eliminar jugador
3) Canviar contrasenya
4) Comprovar si existeix un jugador
5) Iniciar sessió
6) Tancar sessió
7) Veure tots els usuaris
8) Sortir
Nom d'usuari: 
L'usuari existeix
Selecciona una opció:
1) Afegir jugador
2) Eliminar jugador
3) Canviar contrasenya
4) Comprovar si existeix un jugador
5) Iniciar sessió
6) Tancar sessió
7) Veure tots els usuaris
8) Sortir
Nom d'usuari: 
Contrasenya: 
Selecciona una opció:
1) Afegir jugador
2) Eliminar jugador
3) Canviar contrasenya
4) Comprovar si existeix un jugador
5) Iniciar sessió
6) Tancar sessió
7) Veure tots els usuaris
8) Sortir
Selecciona una opció:
1) Afegir jugador
2) Eliminar jugador
3) Canviar contrasenya
4) Comprovar si existeix un jugador
5) Iniciar sessió
6) Tancar sessió
7) Veure tots els usuaris
8) Sortir
Marcel [79, 86, 116, 44, 105, 72, -14, 100, -6, 33, 9, 40, 111, -76, -44, -127, 102, 38, 58, 100, 65, 71, 117, 9, -52, 86, 81, -57, -25, 83, 57, -122, -25, 21, -112, 29, 103, -17, 83, -31, -87, -64, -98, 60, -41, 46, -111, 3, -122, -15, 110, -21, -58, 27, 42, 98, -45, 5, -101, 23, -56, 96, -40, 31]
Selecciona una opció:
1) Afegir jugador
2) Eliminar jugador
3) Canviar contrasenya
4) Comprovar si existeix un jugador
5) Iniciar sessió
6) Tancar sessió
7) Veure tots els usuaris
8) Sortir
Nom d'usuari: 
Contrasenya: 
Selecciona una opció:
1) Afegir jugador
2) Eliminar jugador
3) Canviar contrasenya
4) Comprovar si existeix un jugador
5) Iniciar sessió
6) Tancar sessió
7) Veure tots els usuaris
8) Sortir
Selecciona una opció:
1) Afegir jugador
2) Eliminar jugador
3) Canviar contrasenya
4) Comprovar si existeix un jugador
5) Iniciar sessió
6) Tancar sessió
7) Veure tots els usuaris
8) Sortir

Process finished with exit code 0
