Benvingut al creador de taulells de Kenken!
Seleciona una opci?:
1) Crear un taulell manualment.
2) Que la CPU em generi un taulell aleat?riament a partir de certs par?metres.
3) Sortir
Inserta una mida pel taulell: Selecciona una opci:
0) Deixar d'imprimir el men per pantalla
1) Omplir el taulell de nmeros aleatoris
2) Modificar el valor d'una cella
3) Crear una regi
4) Veure el taulell
5) Comprovar que el taulell sigui resoluble
6) Resoldre el taulell (s'esborraran els nmeros)
7) Guardar el taulell
8) Carregar un taulell
9) Sortir
>> >> Introdueix la operacio (*,+,/,-): Introdueix el resultat: Introdueix el tamany de la regio: Introdueix la posicio de la cella: Introdueix la posicio de la cella: >> Tauler de tamany 3x3
+--------+  +--------+
|  |     |  | 1| 0  0|
|  |     |  |  |     |
|  |     |  | 1| 0  0|
|--+     |  |--+     |
|        |  | 0  0  0|
+--------+  +--------+

Valors de les regions
0: PRODUCT => 0
1: DIVISION => 3
>> Introdueix la operacio (*,+,/,-): Introdueix el resultat: Introdueix el tamany de la regio: Introdueix la posicio de la cella: >> Tauler de tamany 3x3
+--------+  +--------+
|  |  |  |  | 1| 2| 0|
|  +--+  |  |  +--+  |
|  |     |  | 1| 0  0|
|--+     |  |--+     |
|        |  | 0  0  0|
+--------+  +--------+

Valors de les regions
0: PRODUCT => 0
1: DIVISION => 3
2: ADDITION => 2
>> Introdueix la operacio (*,+,/,-): Introdueix el resultat: Introdueix el tamany de la regio: Introdueix la posicio de la cella: >> Tauler de tamany 3x3
+--------+  +--------+
|  |  |  |  | 1| 2| 0|
|  +--+  |  |  +--+  |
|  |     |  | 1| 0  0|
|--+     |  |--+     |
|  |     |  | 2| 0  0|
+--------+  +--------+

Valors de les regions
0: PRODUCT => 0
1: DIVISION => 3
2: ADDITION => 2
3: ADDITION => 2
>> Introdueix la operacio (*,+,/,-): Introdueix el resultat: Introdueix el tamany de la regio: Introdueix la posicio de la cella: Introdueix la posicio de la cella: >> Tauler de tamany 3x3
+--------+  +--------+
|  |  |  |  | 1| 2| 4|
|  +--+  |  |  +--+  |
|  |  |  |  | 1| 0| 4|
|--+  +--|  |--+  +--|
|  |     |  | 2| 0  0|
+--------+  +--------+

Valors de les regions
0: PRODUCT => 0
1: DIVISION => 3
2: ADDITION => 2
3: ADDITION => 2
4: ADDITION => 3
>> Introdueix la operacio (*,+,/,-): Introdueix el resultat: Introdueix el tamany de la regio: Introdueix la posicio de la cella: Introdueix la posicio de la cella: Introdueix la posicio de la cella: >> false
No t soluci.
>> Tauler de tamany 3x3
+--------+  +--------+
|  |  |  |  | 1| 2| 4|
|  +--+  |  |  +--+  |
|  |  |  |  | 1| 5| 4|
|--+  +--|  |--+  +--|
|  |     |  | 2| 5  5|
+--------+  +--------+

Valors de les regions
0: PRODUCT => 0
1: DIVISION => 3
2: ADDITION => 2
3: ADDITION => 2
4: ADDITION => 3
5: PRODUCT => 9
>> El taulell de Kenken s'ha omplert de nmeros aleatoris.
>> Tauler de tamany 3x3
+--------+  +--------+
| 3| 1| 2|  | 1| 2| 4|
|  +--+  |  |  +--+  |
| 2| 3| 1|  | 1| 5| 4|
|--+  +--|  |--+  +--|
| 1| 2  3|  | 2| 5  5|
+--------+  +--------+

Valors de les regions
0: PRODUCT => 0
1: DIVISION => 3
2: ADDITION => 2
3: ADDITION => 2
4: ADDITION => 3
5: PRODUCT => 9
>> false
>> Posa un nom al tauler:Nota: surt i torna a entrar si no vols modificar el tauler ja guardat.
>> Benvingut al creador de taulells de Kenken!
Seleciona una opci?:
1) Crear un taulell manualment.
2) Que la CPU em generi un taulell aleat?riament a partir de certs par?metres.
3) Sortir
Inserta una mida pel taulell: Selecciona una opci:
0) Deixar d'imprimir el men per pantalla
1) Omplir el taulell de nmeros aleatoris
2) Modificar el valor d'una cella
3) Crear una regi
4) Veure el taulell
5) Comprovar que el taulell sigui resoluble
6) Resoldre el taulell (s'esborraran els nmeros)
7) Guardar el taulell
8) Carregar un taulell
9) Sortir
>> Tauler de tamany 7x7
+--------------------+  +--------------------+
|                    |  | 0  0  0  0  0  0  0|
|                    |  |                    |
|                    |  | 0  0  0  0  0  0  0|
|                    |  |                    |
|                    |  | 0  0  0  0  0  0  0|
|                    |  |                    |
|                    |  | 0  0  0  0  0  0  0|
|                    |  |                    |
|                    |  | 0  0  0  0  0  0  0|
|                    |  |                    |
|                    |  | 0  0  0  0  0  0  0|
|                    |  |                    |
|                    |  | 0  0  0  0  0  0  0|
+--------------------+  +--------------------+

Valors de les regions
0: PRODUCT => 0
Selecciona una opci:
0) Deixar d'imprimir el men per pantalla
1) Omplir el taulell de nmeros aleatoris
2) Modificar el valor d'una cella
3) Crear una regi
4) Veure el taulell
5) Comprovar que el taulell sigui resoluble
6) Resoldre el taulell (s'esborraran els nmeros)
7) Guardar el taulell
8) Carregar un taulell
9) Sortir
>> Com es diu el taulell que vols carregar? 404: No s'ha trobat el tauler. :/
Selecciona una opci:
0) Deixar d'imprimir el men per pantalla
1) Omplir el taulell de nmeros aleatoris
2) Modificar el valor d'una cella
3) Crear una regi
4) Veure el taulell
5) Comprovar que el taulell sigui resoluble
6) Resoldre el taulell (s'esborraran els nmeros)
7) Guardar el taulell
8) Carregar un taulell
9) Sortir
>> Tauler de tamany 7x7
+--------------------+  +--------------------+
|                    |  | 0  0  0  0  0  0  0|
|                    |  |                    |
|                    |  | 0  0  0  0  0  0  0|
|                    |  |                    |
|                    |  | 0  0  0  0  0  0  0|
|                    |  |                    |
|                    |  | 0  0  0  0  0  0  0|
|                    |  |                    |
|                    |  | 0  0  0  0  0  0  0|
|                    |  |                    |
|                    |  | 0  0  0  0  0  0  0|
|                    |  |                    |
|                    |  | 0  0  0  0  0  0  0|
+--------------------+  +--------------------+

Valors de les regions
0: PRODUCT => 0
Selecciona una opci:
0) Deixar d'imprimir el men per pantalla
1) Omplir el taulell de nmeros aleatoris
2) Modificar el valor d'una cella
3) Crear una regi
4) Veure el taulell
5) Comprovar que el taulell sigui resoluble
6) Resoldre el taulell (s'esborraran els nmeros)
7) Guardar el taulell
8) Carregar un taulell
9) Sortir
>> Benvingut al creador de taulells de Kenken!
Seleciona una opci?:
1) Crear un taulell manualment.
2) Que la CPU em generi un taulell aleat?riament a partir de certs par?metres.
3) Sortir
Inserta una mida pel taulell: Selecciona una opci:
0) Deixar d'imprimir el men per pantalla
1) Omplir el taulell de nmeros aleatoris
2) Modificar el valor d'una cella
3) Crear una regi
4) Veure el taulell
5) Comprovar que el taulell sigui resoluble
6) Resoldre el taulell (s'esborraran els nmeros)
7) Guardar el taulell
8) Carregar un taulell
9) Sortir
>> Entra les coordenades de la cella (fila,columna) i desprs entra el valor de la cella:
>> Selecciona una opci:
0) Deixar d'imprimir el men per pantalla
1) Omplir el taulell de nmeros aleatoris
2) Modificar el valor d'una cella
3) Crear una regi
4) Veure el taulell
5) Comprovar que el taulell sigui resoluble
6) Resoldre el taulell (s'esborraran els nmeros)
7) Guardar el taulell
8) Carregar un taulell
9) Sortir
>> Tauler de tamany 3x3
+--------+  +--------+
|        |  | 0  0  0|
|        |  |        |
|       1|  | 0  0  0|
|        |  |        |
|        |  | 0  0  0|
+--------+  +--------+

Valors de les regions
0: PRODUCT => 0
Selecciona una opci:
0) Deixar d'imprimir el men per pantalla
1) Omplir el taulell de nmeros aleatoris
2) Modificar el valor d'una cella
3) Crear una regi
4) Veure el taulell
5) Comprovar que el taulell sigui resoluble
6) Resoldre el taulell (s'esborraran els nmeros)
7) Guardar el taulell
8) Carregar un taulell
9) Sortir
>> Introdueix la operacio (*,+,/,-): Introdueix el resultat: Introdueix el tamany de la regio: Introdueix la posicio de la cella: Introdueix la posicio de la cella: Selecciona una opci:
0) Deixar d'imprimir el men per pantalla
1) Omplir el taulell de nmeros aleatoris
2) Modificar el valor d'una cella
3) Crear una regi
4) Veure el taulell
5) Comprovar que el taulell sigui resoluble
6) Resoldre el taulell (s'esborraran els nmeros)
7) Guardar el taulell
8) Carregar un taulell
9) Sortir
>> Tauler de tamany 3x3
+--------+  +--------+
|        |  | 0  0  0|
|  +-----|  |  +-----|
|  |    1|  | 0| 1  1|
|  +-----|  |  +-----|
|        |  | 0  0  0|
+--------+  +--------+

Valors de les regions
0: PRODUCT => 0
1: PRODUCT => 2
Selecciona una opci:
0) Deixar d'imprimir el men per pantalla
1) Omplir el taulell de nmeros aleatoris
2) Modificar el valor d'una cella
3) Crear una regi
4) Veure el taulell
5) Comprovar que el taulell sigui resoluble
6) Resoldre el taulell (s'esborraran els nmeros)
7) Guardar el taulell
8) Carregar un taulell
9) Sortir
>> Introdueix la operacio (*,+,/,-): Introdueix el resultat: Introdueix el tamany de la regio: Introdueix la posicio de la cella: Aquesta regi n'eliminar altres ja creades. Segueixes volent-la crear? (s/n)Selecciona una opci:
0) Deixar d'imprimir el men per pantalla
1) Omplir el taulell de nmeros aleatoris
2) Modificar el valor d'una cella
3) Crear una regi
4) Veure el taulell
5) Comprovar que el taulell sigui resoluble
6) Resoldre el taulell (s'esborraran els nmeros)
7) Guardar el taulell
8) Carregar un taulell
9) Sortir
>> Tauler de tamany 3x3
+--------+  +--------+
|        |  | 0  0  0|
|  +-----|  |  +-----|
|  |    1|  | 0| 1  1|
|  +-----|  |  +-----|
|        |  | 0  0  0|
+--------+  +--------+

Valors de les regions
0: PRODUCT => 0
1: PRODUCT => 2
Selecciona una opci:
0) Deixar d'imprimir el men per pantalla
1) Omplir el taulell de nmeros aleatoris
2) Modificar el valor d'una cella
3) Crear una regi
4) Veure el taulell
5) Comprovar que el taulell sigui resoluble
6) Resoldre el taulell (s'esborraran els nmeros)
7) Guardar el taulell
8) Carregar un taulell
9) Sortir
>> Introdueix la operacio (*,+,/,-): Introdueix el resultat: Introdueix el tamany de la regio: Introdueix la posicio de la cella: Aquesta regi n'eliminar altres ja creades. Segueixes volent-la crear? (s/n)Selecciona una opci:
0) Deixar d'imprimir el men per pantalla
1) Omplir el taulell de nmeros aleatoris
2) Modificar el valor d'una cella
3) Crear una regi
4) Veure el taulell
5) Comprovar que el taulell sigui resoluble
6) Resoldre el taulell (s'esborraran els nmeros)
7) Guardar el taulell
8) Carregar un taulell
9) Sortir
>> Tauler de tamany 3x3
+--------+  +--------+
|        |  | 0  0  0|
|  +--+--|  |  +--+--|
|  |  | 1|  | 0| 2| 1|
|  +--+--|  |  +--+--|
|        |  | 0  0  0|
+--------+  +--------+

Valors de les regions
0: PRODUCT => 0
1: PRODUCT => 2
2: ADDITION => 2
Selecciona una opci:
0) Deixar d'imprimir el men per pantalla
1) Omplir el taulell de nmeros aleatoris
2) Modificar el valor d'una cella
3) Crear una regi
4) Veure el taulell
5) Comprovar que el taulell sigui resoluble
6) Resoldre el taulell (s'esborraran els nmeros)
7) Guardar el taulell
8) Carregar un taulell
9) Sortir
>>