1) Carregar una partida inacabada de la DB
2) Comensar nova partida amb un taulell de la DB
3) Enrere
Hi ha aquests taulers: 
0: Hola de tamany 6 fet per CPU
1: hola:D de tamany 2 fet per horacio
Quin tauler vols? (si no vols cap posa -1)
true
SCORE: 0
Tauler de tamany 6x6
+-----------------+  +-----------------+
|  |  |     |     |  | 0| 8| 9  9|10 10|
|  +--+-----+--+--|  |  +--+-----+--+--|
|  |  |     |  |  |  | 0| 7|15 15|14|11|
|--+  |  +--+  |  |  |--+  |  +--+  |  |
|  |  |  |  |  |  |  | 1| 7|15|11|14|11|
|  |  +--+  |  +--|  |  |  +--+  |  +--|
|  |  |  |  |  |  |  | 1| 7| 3|11|14|12|
|--+--+  +--+--+  |  |--+--+  +--+--+  |
|  |  |  |  |  |  |  | 3| 1| 3|17|13|12|
|  +--+--+--+  |  |  |  +--+--+--+  |  |
|  |     |  |  |  |  | 3| 4  4| 2|13|12|
+-----------------+  +-----------------+

Valors de les regions
 0: + => 7  |  9: * => 30
 1: + => 5  | 10: - => 1
 2: + => 3  | 11: - => 3
 3: + => 9  | 12: + => 10
 4: + => 6  | 13: - => 4
 5: + => 9  | 14: + => 12
 6: + => 5  | 15: * => 18
 7: * => 36 | 16: - => 3
 8: + => 1  | 17: + => 2

Escull:
1. Fer un moviment
2. Tirar enrere l'ultim moviment
3. Refer l'ultim moviment tirat enrere
4. Editar anotacions
5. Demanar un Ajut (Hint)
6. Guardar i sortir

Escriu la fila i columna de la cella a modificar seguit del valor desitjat:
SCORE: 37
Tauler de tamany 6x6
+-----------------+  +-----------------+
| 1|  |     |     |  | 0| 8| 9  9|10 10|
|  +--+-----+--+--|  |  +--+-----+--+--|
|  |  |     |  |  |  | 0| 7|15 15|14|11|
|--+  |  +--+  |  |  |--+  |  +--+  |  |
|  |  |  |  |  |  |  | 1| 7|15|11|14|11|
|  |  +--+  |  +--|  |  |  +--+  |  +--|
|  |  |  |  |  |  |  | 1| 7| 3|11|14|12|
|--+--+  +--+--+  |  |--+--+  +--+--+  |
|  |  |  |  |  |  |  | 3| 1| 3|17|13|12|
|  +--+--+--+  |  |  |  +--+--+--+  |  |
|  |     |  |  |  |  | 3| 4  4| 2|13|12|
+-----------------+  +-----------------+

Valors de les regions
 0: + => 7  |  9: * => 30
 1: + => 5  | 10: - => 1
 2: + => 3  | 11: - => 3
 3: + => 9  | 12: + => 10
 4: + => 6  | 13: - => 4
 5: + => 9  | 14: + => 12
 6: + => 5  | 15: * => 18
 7: * => 36 | 16: - => 3
 8: + => 1  | 17: + => 2

Escull:
1. Fer un moviment
2. Tirar enrere l'ultim moviment
3. Refer l'ultim moviment tirat enrere
4. Editar anotacions
5. Demanar un Ajut (Hint)
6. Guardar i sortir
SCORE: 37
Tauler de tamany 6x6
+-----------------+  +-----------------+
|  |  |     |     |  | 0| 8| 9  9|10 10|
|  +--+-----+--+--|  |  +--+-----+--+--|
|  |  |     |  |  |  | 0| 7|15 15|14|11|
|--+  |  +--+  |  |  |--+  |  +--+  |  |
|  |  |  |  |  |  |  | 1| 7|15|11|14|11|
|  |  +--+  |  +--|  |  |  +--+  |  +--|
|  |  |  |  |  |  |  | 1| 7| 3|11|14|12|
|--+--+  +--+--+  |  |--+--+  +--+--+  |
|  |  |  |  |  |  |  | 3| 1| 3|17|13|12|
|  +--+--+--+  |  |  |  +--+--+--+  |  |
|  |     |  |  |  |  | 3| 4  4| 2|13|12|
+-----------------+  +-----------------+

Valors de les regions
 0: + => 7  |  9: * => 30
 1: + => 5  | 10: - => 1
 2: + => 3  | 11: - => 3
 3: + => 9  | 12: + => 10
 4: + => 6  | 13: - => 4
 5: + => 9  | 14: + => 12
 6: + => 5  | 15: * => 18
 7: * => 36 | 16: - => 3
 8: + => 1  | 17: + => 2

Escull:
1. Fer un moviment
2. Tirar enrere l'ultim moviment
3. Refer l'ultim moviment tirat enrere
4. Editar anotacions
5. Demanar un Ajut (Hint)
6. Guardar i sortir
No hi ha moviments a revertir!
SCORE: 37
Tauler de tamany 6x6
+-----------------+  +-----------------+
|  |  |     |     |  | 0| 8| 9  9|10 10|
|  +--+-----+--+--|  |  +--+-----+--+--|
|  |  |     |  |  |  | 0| 7|15 15|14|11|
|--+  |  +--+  |  |  |--+  |  +--+  |  |
|  |  |  |  |  |  |  | 1| 7|15|11|14|11|
|  |  +--+  |  +--|  |  |  +--+  |  +--|
|  |  |  |  |  |  |  | 1| 7| 3|11|14|12|
|--+--+  +--+--+  |  |--+--+  +--+--+  |
|  |  |  |  |  |  |  | 3| 1| 3|17|13|12|
|  +--+--+--+  |  |  |  +--+--+--+  |  |
|  |     |  |  |  |  | 3| 4  4| 2|13|12|
+-----------------+  +-----------------+

Valors de les regions
 0: + => 7  |  9: * => 30
 1: + => 5  | 10: - => 1
 2: + => 3  | 11: - => 3
 3: + => 9  | 12: + => 10
 4: + => 6  | 13: - => 4
 5: + => 9  | 14: + => 12
 6: + => 5  | 15: * => 18
 7: * => 36 | 16: - => 3
 8: + => 1  | 17: + => 2

Escull:
1. Fer un moviment
2. Tirar enrere l'ultim moviment
3. Refer l'ultim moviment tirat enrere
4. Editar anotacions
5. Demanar un Ajut (Hint)
6. Guardar i sortir
SCORE: 37
Tauler de tamany 6x6
+-----------------+  +-----------------+
| 1|  |     |     |  | 0| 8| 9  9|10 10|
|  +--+-----+--+--|  |  +--+-----+--+--|
|  |  |     |  |  |  | 0| 7|15 15|14|11|
|--+  |  +--+  |  |  |--+  |  +--+  |  |
|  |  |  |  |  |  |  | 1| 7|15|11|14|11|
|  |  +--+  |  +--|  |  |  +--+  |  +--|
|  |  |  |  |  |  |  | 1| 7| 3|11|14|12|
|--+--+  +--+--+  |  |--+--+  +--+--+  |
|  |  |  |  |  |  |  | 3| 1| 3|17|13|12|
|  +--+--+--+  |  |  |  +--+--+--+  |  |
|  |     |  |  |  |  | 3| 4  4| 2|13|12|
+-----------------+  +-----------------+

Valors de les regions
 0: + => 7  |  9: * => 30
 1: + => 5  | 10: - => 1
 2: + => 3  | 11: - => 3
 3: + => 9  | 12: + => 10
 4: + => 6  | 13: - => 4
 5: + => 9  | 14: + => 12
 6: + => 5  | 15: * => 18
 7: * => 36 | 16: - => 3
 8: + => 1  | 17: + => 2

Escull:
1. Fer un moviment
2. Tirar enrere l'ultim moviment
3. Refer l'ultim moviment tirat enrere
4. Editar anotacions
5. Demanar un Ajut (Hint)
6. Guardar i sortir
No hi ha moviments a refer!
SCORE: 37
Tauler de tamany 6x6
+-----------------+  +-----------------+
| 1|  |     |     |  | 0| 8| 9  9|10 10|
|  +--+-----+--+--|  |  +--+-----+--+--|
|  |  |     |  |  |  | 0| 7|15 15|14|11|
|--+  |  +--+  |  |  |--+  |  +--+  |  |
|  |  |  |  |  |  |  | 1| 7|15|11|14|11|
|  |  +--+  |  +--|  |  |  +--+  |  +--|
|  |  |  |  |  |  |  | 1| 7| 3|11|14|12|
|--+--+  +--+--+  |  |--+--+  +--+--+  |
|  |  |  |  |  |  |  | 3| 1| 3|17|13|12|
|  +--+--+--+  |  |  |  +--+--+--+  |  |
|  |     |  |  |  |  | 3| 4  4| 2|13|12|
+-----------------+  +-----------------+

Valors de les regions
 0: + => 7  |  9: * => 30
 1: + => 5  | 10: - => 1
 2: + => 3  | 11: - => 3
 3: + => 9  | 12: + => 10
 4: + => 6  | 13: - => 4
 5: + => 9  | 14: + => 12
 6: + => 5  | 15: * => 18
 7: * => 36 | 16: - => 3
 8: + => 1  | 17: + => 2

Escull:
1. Fer un moviment
2. Tirar enrere l'ultim moviment
3. Refer l'ultim moviment tirat enrere
4. Editar anotacions
5. Demanar un Ajut (Hint)
6. Guardar i sortir
1. Afegir anotacio
2. Eliminar anotacio
3. Veure anotacions d'una cel·la
Introdueix fila, columna de cel·la i numero de l'anotacio
SCORE: 37
Tauler de tamany 6x6
+-----------------+  +-----------------+
| 1|  |     |     |  | 0| 8| 9  9|10 10|
|  +--+-----+--+--|  |  +--+-----+--+--|
|  |  |     |  |  |  | 0| 7|15 15|14|11|
|--+  |  +--+  |  |  |--+  |  +--+  |  |
|  |  |  |  |  |  |  | 1| 7|15|11|14|11|
|  |  +--+  |  +--|  |  |  +--+  |  +--|
|  |  |  |  |  |  |  | 1| 7| 3|11|14|12|
|--+--+  +--+--+  |  |--+--+  +--+--+  |
|  |  |  |  |  |  |  | 3| 1| 3|17|13|12|
|  +--+--+--+  |  |  |  +--+--+--+  |  |
|  |     |  |  |  |  | 3| 4  4| 2|13|12|
+-----------------+  +-----------------+

Valors de les regions
 0: + => 7  |  9: * => 30
 1: + => 5  | 10: - => 1
 2: + => 3  | 11: - => 3
 3: + => 9  | 12: + => 10
 4: + => 6  | 13: - => 4
 5: + => 9  | 14: + => 12
 6: + => 5  | 15: * => 18
 7: * => 36 | 16: - => 3
 8: + => 1  | 17: + => 2

Escull:
1. Fer un moviment
2. Tirar enrere l'ultim moviment
3. Refer l'ultim moviment tirat enrere
4. Editar anotacions
5. Demanar un Ajut (Hint)
6. Guardar i sortir
1. Afegir anotacio
2. Eliminar anotacio
3. Veure anotacions d'una cel·la
Introdueix fila, columna de cel·la
false true false false false false 
SCORE: 37
Tauler de tamany 6x6
+-----------------+  +-----------------+
| 1|  |     |     |  | 0| 8| 9  9|10 10|
|  +--+-----+--+--|  |  +--+-----+--+--|
|  |  |     |  |  |  | 0| 7|15 15|14|11|
|--+  |  +--+  |  |  |--+  |  +--+  |  |
|  |  |  |  |  |  |  | 1| 7|15|11|14|11|
|  |  +--+  |  +--|  |  |  +--+  |  +--|
|  |  |  |  |  |  |  | 1| 7| 3|11|14|12|
|--+--+  +--+--+  |  |--+--+  +--+--+  |
|  |  |  |  |  |  |  | 3| 1| 3|17|13|12|
|  +--+--+--+  |  |  |  +--+--+--+  |  |
|  |     |  |  |  |  | 3| 4  4| 2|13|12|
+-----------------+  +-----------------+

Valors de les regions
 0: + => 7  |  9: * => 30
 1: + => 5  | 10: - => 1
 2: + => 3  | 11: - => 3
 3: + => 9  | 12: + => 10
 4: + => 6  | 13: - => 4
 5: + => 9  | 14: + => 12
 6: + => 5  | 15: * => 18
 7: * => 36 | 16: - => 3
 8: + => 1  | 17: + => 2

Escull:
1. Fer un moviment
2. Tirar enrere l'ultim moviment
3. Refer l'ultim moviment tirat enrere
4. Editar anotacions
5. Demanar un Ajut (Hint)
6. Guardar i sortir

1. Corregir errors
2. Mostrar numero aleatori
3. Sortir
Caselles erronies : (1,1) 
SCORE: 47
Tauler de tamany 6x6
+-----------------+  +-----------------+
| 1|  |     |     |  | 0| 8| 9  9|10 10|
|  +--+-----+--+--|  |  +--+-----+--+--|
|  |  |     |  |  |  | 0| 7|15 15|14|11|
|--+  |  +--+  |  |  |--+  |  +--+  |  |
|  |  |  |  |  |  |  | 1| 7|15|11|14|11|
|  |  +--+  |  +--|  |  |  +--+  |  +--|
|  |  |  |  |  |  |  | 1| 7| 3|11|14|12|
|--+--+  +--+--+  |  |--+--+  +--+--+  |
|  |  |  |  |  |  |  | 3| 1| 3|17|13|12|
|  +--+--+--+  |  |  |  +--+--+--+  |  |
|  |     |  |  |  |  | 3| 4  4| 2|13|12|
+-----------------+  +-----------------+

Valors de les regions
 0: + => 7  |  9: * => 30
 1: + => 5  | 10: - => 1
 2: + => 3  | 11: - => 3
 3: + => 9  | 12: + => 10
 4: + => 6  | 13: - => 4
 5: + => 9  | 14: + => 12
 6: + => 5  | 15: * => 18
 7: * => 36 | 16: - => 3
 8: + => 1  | 17: + => 2

Escull:
1. Fer un moviment
2. Tirar enrere l'ultim moviment
3. Refer l'ultim moviment tirat enrere
4. Editar anotacions
5. Demanar un Ajut (Hint)
6. Guardar i sortir

1. Corregir errors
2. Mostrar numero aleatori
3. Sortir
Casella mostrada: (2,6) 
SCORE: 67
Tauler de tamany 6x6
+-----------------+  +-----------------+
| 1|  |     |     |  | 0| 8| 9  9|10 10|
|  +--+-----+--+--|  |  +--+-----+--+--|
|  |  |     |  | 2|  | 0| 7|15 15|14|11|
|--+  |  +--+  |  |  |--+  |  +--+  |  |
|  |  |  |  |  |  |  | 1| 7|15|11|14|11|
|  |  +--+  |  +--|  |  |  +--+  |  +--|
|  |  |  |  |  |  |  | 1| 7| 3|11|14|12|
|--+--+  +--+--+  |  |--+--+  +--+--+  |
|  |  |  |  |  |  |  | 3| 1| 3|17|13|12|
|  +--+--+--+  |  |  |  +--+--+--+  |  |
|  |     |  |  |  |  | 3| 4  4| 2|13|12|
+-----------------+  +-----------------+

Valors de les regions
 0: + => 7  |  9: * => 30
 1: + => 5  | 10: - => 1
 2: + => 3  | 11: - => 3
 3: + => 9  | 12: + => 10
 4: + => 6  | 13: - => 4
 5: + => 9  | 14: + => 12
 6: + => 5  | 15: * => 18
 7: * => 36 | 16: - => 3
 8: + => 1  | 17: + => 2

Escull:
1. Fer un moviment
2. Tirar enrere l'ultim moviment
3. Refer l'ultim moviment tirat enrere
4. Editar anotacions
5. Demanar un Ajut (Hint)
6. Guardar i sortir